Traceback (most recent call last):
  File "/home/miuser/.local/lib/python3.7/site-packages/jupyter_cache/executors/utils.py", line 56, in single_nb_execution
    record_timing=False,
  File "/usr/local/lib/python3.7/dist-packages/nbclient/client.py", line 1087, in execute
    return NotebookClient(nb=nb, resources=resources, km=km, **kwargs).execute()
  File "/usr/local/lib/python3.7/dist-packages/nbclient/util.py", line 74, in wrapped
    return just_run(coro(*args, **kwargs))
  File "/usr/local/lib/python3.7/dist-packages/nbclient/util.py", line 53, in just_run
    return loop.run_until_complete(coro)
  File "/usr/lib/python3.7/asyncio/base_events.py", line 584, in run_until_complete
    return future.result()
  File "/usr/local/lib/python3.7/dist-packages/nbclient/client.py", line 541, in async_execute
    cell, index, execution_count=self.code_cells_executed + 1
  File "/usr/local/lib/python3.7/dist-packages/nbclient/client.py", line 832, in async_execute_cell
    self._check_raise_for_error(cell, exec_reply)
  File "/usr/local/lib/python3.7/dist-packages/nbclient/client.py", line 740, in _check_raise_for_error
    raise CellExecutionError.from_cell_and_msg(cell, exec_reply['content'])
nbclient.exceptions.CellExecutionError: An error occurred while executing the following cell:
------------------
n=10**6
start_time = time.time()
res=Rcf(f,a,b,n)
end_time = time.time()
secs = end_time-start_time
print("Rcf tomó",secs,"segundos" )
------------------

[0;31m---------------------------------------------------------------------------[0m
[0;31mNameError[0m                                 Traceback (most recent call last)
[0;32m<ipython-input-2-e0613e5e9ac2>[0m in [0;36m<module>[0;34m[0m
[1;32m      1[0m [0mn[0m[0;34m=[0m[0;36m10[0m[0;34m**[0m[0;36m6[0m[0;34m[0m[0;34m[0m[0m
[0;32m----> 2[0;31m [0mstart_time[0m [0;34m=[0m [0mtime[0m[0;34m.[0m[0mtime[0m[0;34m([0m[0;34m)[0m[0;34m[0m[0;34m[0m[0m
[0m[1;32m      3[0m [0mres[0m[0;34m=[0m[0mRcf[0m[0;34m([0m[0mf[0m[0;34m,[0m[0ma[0m[0;34m,[0m[0mb[0m[0;34m,[0m[0mn[0m[0;34m)[0m[0;34m[0m[0;34m[0m[0m
[1;32m      4[0m [0mend_time[0m [0;34m=[0m [0mtime[0m[0;34m.[0m[0mtime[0m[0;34m([0m[0;34m)[0m[0;34m[0m[0;34m[0m[0m
[1;32m      5[0m [0msecs[0m [0;34m=[0m [0mend_time[0m[0;34m-[0m[0mstart_time[0m[0;34m[0m[0;34m[0m[0m

[0;31mNameError[0m: name 'time' is not defined
NameError: name 'time' is not defined

